<?xml version="1.0" encoding="UTF-8"?>
<!-- Generated by org.testng.reporters.JUnitReportReporter -->
<testsuite hostname="LIN-5CD5329MYS" failures="0" tests="1" name="Oct_14.NewTest" time="0.014" errors="0" timestamp="2025-10-15T15:42:41 IST" skipped="0">
  <testcase classname="Oct_14.NewTest" name="display" time="0.014"/>
</testsuite> <!-- Oct_14.NewTest -->
