<?xml version="1.0" encoding="UTF-8"?>
<!-- Generated by org.testng.reporters.JUnitReportReporter -->
<testsuite hostname="LIN-5CD5329MYS" failures="0" tests="2" name="TestCase.Grid1" time="102.482" errors="0" timestamp="2025-10-23T15:25:27 IST" skipped="0">
  <testcase classname="TestCase.Grid1" name="Launch" time="4.191"/>
  <testcase classname="TestCase.Grid1" name="Launch" time="98.291"/>
</testsuite> <!-- TestCase.Grid1 -->
