<?xml version="1.0" encoding="UTF-8"?>
<!-- Generated by org.testng.reporters.JUnitReportReporter -->
<testsuite hostname="LIN-5CD5329MYS" failures="0" tests="1" name="Oct_17.AnnotationDemo" time="0.007" errors="0" timestamp="2025-10-17T09:19:31 IST" skipped="0">
  <testcase classname="Oct_17.AnnotationDemo" name="tc1" time="0.007"/>
</testsuite> <!-- Oct_17.AnnotationDemo -->
