<?xml version="1.0" encoding="UTF-8"?>
<!-- Generated by org.testng.reporters.JUnitReportReporter -->
<testsuite hostname="LIN-5CD5329MYS" failures="0" tests="3" name="Oct_17.DEmo" time="0.015" errors="0" timestamp="2025-10-17T16:38:54 IST" skipped="0">
  <testcase classname="Oct_17.DEmo" name="f" time="0.013"/>
  <testcase classname="Oct_17.DEmo" name="f" time="0.001"/>
  <testcase classname="Oct_17.DEmo" name="f" time="0.001"/>
</testsuite> <!-- Oct_17.DEmo -->
