<?xml version="1.0" encoding="UTF-8"?>
<!-- Generated by org.testng.reporters.JUnitReportReporter -->
<testsuite hostname="LIN-5CD5329MYS" failures="0" tests="2" name="Com.Gmail.Runner.TestRunner2" time="18.634" errors="0" timestamp="2025-10-29T17:42:14 IST" skipped="0">
  <testcase classname="Com.Gmail.Runner.TestRunner2" name="runScenario" time="11.743"/>
  <testcase classname="Com.Gmail.Runner.TestRunner2" name="runScenario" time="6.891"/>
</testsuite> <!-- Com.Gmail.Runner.TestRunner2 -->
